<?xml version="1.0" encoding="UTF-8"?>
<testsuite name="Test" tests="3" skipped="0" failures="0" errors="0" timestamp="2019-07-31T06:58:41" hostname="DESKTOP-14JJLV8" time="0.002">
  <properties/>
  <testcase name="testMultiplication" classname="Test" time="0.001"/>
  <testcase name="testFrancMultiplication" classname="Test" time="0.001"/>
  <testcase name="testEquality" classname="Test" time="0.0"/>
  <system-out><![CDATA[]]></system-out>
  <system-err><![CDATA[]]></system-err>
</testsuite>
